<?xml version="1.0" encoding="UTF-8" ?>
<testsuite tests="1" failures="1" name="amazon.testcases.Amazonsearch_Test" time="0.23" errors="0" skipped="0">
  <properties>
[...]
</properties>
  <testcase classname="amazon.testcases.Amazonsearch_Test" name="TC_AmazonSearchBox" time="0.23">
    <failure message="The following asserts failed:
	null" type="java.lang.AssertionError">java.lang.AssertionError: The following asserts failed:
	null
	at org.testng.asserts.SoftAssert.assertAll(SoftAssert.java:47)
	at org.testng.asserts.SoftAssert.assertAll(SoftAssert.java:31)
	at amazon.pages.Homepage.Amazonsearchbar(Homepage.java:50)
	at amazon.testcases.Amazonsearch_Test.TC_AmazonSearchBox(Amazonsearch_Test.java:45)
</failure>
    <system-out>Configuring TestNG with: org.apache.maven.surefire.testng.conf.TestNG652Configurator@66048bfd
</system-out>
    <system-err>Starting ChromeDriver 84.0.4147.30 (48b3e868b4cc0aa7e8149519690b6f6949e110a8-refs/branch-heads/4147@{#310}) on port 8748
Only local connections are allowed.
Please see https://chromedriver.chromium.org/security-considerations for suggestions on keeping ChromeDriver safe.
ChromeDriver was started successfully.
Jul 30, 2020 4:03:50 PM org.openqa.selenium.remote.ProtocolHandshake createSession
INFO: Detected dialect: W3C
Oops Something went wrong :: org.openqa.selenium.NoSuchWindowException: no such window: target window already closed
from unknown error: web view not found
  (Session info: chrome=84.0.4147.105)
Build info: version: &apos;3.141.59&apos;, revision: &apos;e82be7d358&apos;, time: &apos;2018-11-14T08:17:03&apos;
System info: host: &apos;DESKTOP-QQNSE4L&apos;, ip: &apos;192.168.1.6&apos;, os.name: &apos;Windows 10&apos;, os.arch: &apos;amd64&apos;, os.version: &apos;10.0&apos;, java.version: &apos;13.0.2&apos;
Driver info: org.openqa.selenium.chrome.ChromeDriver
Capabilities {acceptInsecureCerts: false, browserName: chrome, browserVersion: 84.0.4147.105, chrome: {chromedriverVersion: 84.0.4147.30 (48b3e868b4cc0..., userDataDir: C:\Users\VIKASS~1\AppData\L...}, goog:chromeOptions: {debuggerAddress: localhost:54223}, javascriptEnabled: true, networkConnectionEnabled: false, pageLoadStrategy: normal, platform: WINDOWS, platformName: WINDOWS, proxy: Proxy(), setWindowRect: true, strictFileInteractability: false, timeouts: {implicit: 0, pageLoad: 300000, script: 30000}, unhandledPromptBehavior: dismiss and notify, webauthn:virtualAuthenticators: true}
Session ID: d6106fb869b73f8fa8d26145c40225e0
*** Element info: {Using=xpath, value=//div[@class=&apos;a-section glow-toaster glow-toaster-theme-default glow-toaster-slot-default nav-coreFlyout nav-flyout&apos;]}
</system-err>
  </testcase>
</testsuite>