<?xml version="1.0" encoding="UTF-8"?>
<!-- Generated by org.testng.reporters.JUnitXMLReporter -->
<testsuite ignored="0" hostname="DESKTOP-QQNSE4L" failures="1" tests="1" name="Command line test" time="0.032" errors="0" timestamp="2020-08-03T09:18:30 IST">
  <testcase classname="amazon.testcases.Amazonsearch_Test" name="TC_AmazonSearchBox" time="0.0">
    <failure type="org.testng.TestNGException" message="
Cannot inject @Test annotated Method [TC_AmazonSearchBox] with [class java.lang.String, class java.lang.String].
For more information on native dependency injection please refer to http://testng.org/doc/documentation-main.html#native-dependency-injection">
      <![CDATA[org.testng.TestNGException: 
Cannot inject @Test annotated Method [TC_AmazonSearchBox] with [class java.lang.String, class java.lang.String].
For more information on native dependency injection please refer to http://testng.org/doc/documentation-main.html#native-dependency-injection
at java.base/java.util.ArrayList.forEach(ArrayList.java:1507)
... Removed 35 stack frames]]>
    </failure>
  </testcase> <!-- TC_AmazonSearchBox -->
</testsuite> <!-- Command line test -->
